29
4
23
8
4
23
4
32
7
10
8
7
7
13
13
5
15
28
14
8
17
15
10
8
4
30
27
2
10
17
25
18
11
16
23
29
9
27
19
29
24
27
30
20
25
10
24
26
12
5
25
5
12
10
22
5
3
4
2
2
10
30
2
13
23
13
13
28
22
15
26
10
14
15
23
27
15
11
11
16
19
15
1
28
32
20
7
30
20
23
26
18
24
5
20
23
1
25
25
21
25
18
3
30
10
30
19
9
15
2
2
30
22
27
17
6
1
15
28
11
29
24
21
18
24
24
11
21
28
27
24
23
23
10
4
17
5
23
14
11
30
8
28
28
11
16
18
6
3
22
31
10
20
2
13
1
13
30
20
6
8
28
28
4
5
18
28
4
21
29
3
24
14
3
16
12
17
16
4
18
25
31
8
20
20
23
13
23
8
17
23
4
29
7
8
14
32
4
18
26
11
16
26
5
11
5
9
3
29
28
1
6
27
12
29
30
16
16
4
14
20
20
7
16
6
3
27
3
26
25
30
6
15
32
31
7
5
13
8
24
27
4
3
8
8
4
9
31
28
1
19
11
31
25
19
19
17
9
30
30
15
14
23
32
7
21
5
23
14
27
29
15
32
20
11
11
16
27
26
15
5
1
8
6
30
26
29
30
11
27
29
7
32
20
6
10
11
24
17
10
6310
4968
1342