['0', 190, '0', 190, 190, 190, '0', '0', '0', 190, 190, '0', '0', '0', 190, 190, 190, 190, '0', 190]
[190, 190, '0', 190, 190, 190, '0', 190, '0', 190, 190, '0', '0', '0', 190, 190, 190, 190, '0', 190]
['0', 190, '0', 190, '0', 190, '0', '0', '0', 190, '0', '0', '0', '0', 190, 190, 190, '0', '0', 190]
['0', 190, '0', 190, '0', 190, '0', '0', '0', 190, 190, '0', '0', '0', 190, 190, 190, 190, '0', 190]
['0', 190, '0', 190, 190, 190, '0', 190, '0', 190, 190, '0', '0', '0', 190, 190, 190, 190, '0', 190]
['0', 190, '0', 190, '0', 190, '0', '0', '0', 190, 190, '0', '0', '0', 190, 190, 190, '0', '0', 190]
['0', '0', '0', 190, '0', '0', '0', '0', '0', '0', '0', '0', '0', '0', '0', '0', '0', '0', '0', 190]
[190, 190, 190, 190, 190, 190, 190, 190, 190, 190, 190, 190, '0', 190, 190, 190, 190, 190, 190, 190]
['0', '0', '0', 190, '0', 190, '0', '0', '0', 190, '0', '0', '0', '0', 190, '0', '0', '0', '0', 190]
[190, 190, '0', 190, 190, 190, '0', 190, '0', 190, 190, '0', '0', 190, 190, 190, 190, 190, '0', 190]
['0', 190, '0', 190, '0', 190, '0', '0', '0', 190, '0', '0', '0', '0', 190, 190, '0', '0', '0', 190]
['0', '0', '0', 190, '0', '0', '0', '0', '0', 190, '0', '0', '0', '0', 190, '0', '0', '0', '0', 190]
[190, 190, 190, 190, 190, 190, 190, 190, 190, 190, 190, '0', '0', 190, 190, 190, 190, 190, 190, 190]
[190, 190, 190, 190, 190, 190, '0', 190, '0', 190, 190, '0', '0', 190, 190, 190, 190, 190, 190, 190]
[190, 190, 190, 190, 190, 190, 190, 190, 190, 190, 190, 190, 190, 190, 190, 190, 190, 190, 190, 190]
[190, 190, 190, 190, 190, 190, '0', 190, 190, 190, 190, '0', '0', 190, 190, 190, 190, 190, 190, 190]
['0', '0', '0', '0', '0', '0', '0', '0', '0', '0', '0', '0', '0', '0', '0', '0', '0', '0', '0', 190]
[190, 190, '0', 190, 190, 190, '0', 190, '0', 190, 190, '0', '0', 190, 190, 190, 190, 190, 190, 190]
['0', '0', '0', 190, '0', '0', '0', '0', '0', 190, '0', '0', '0', '0', '0', '0', '0', '0', '0', 190]
['0', '0', '0', 190, '0', 190, '0', '0', '0', 190, '0', '0', '0', '0', 190, 190, '0', '0', '0', 190]
0 20 84 14 0 8 12 0 147 169 0 71 223 51 36 75 0 0 73 170 
5977293343129