set([(-0.5, 0.5), (0.0, 0.0), (-1.5, 0.5), (-1.5, -0.5), (2.0, 0.0), (-1.5, -1.5), (-2.0, -1.0), (1.5, 1.5), (1.0, -1.0), (-2.0, 0.0)])
18
set([(-1.0, 1.0), (-0.5, 0.5), (-0.5, -0.5), (1.5, -0.5), (0.5, -0.5), (0.0, 0.0), (0.5, 0.5), (-1.5, 0.5), (-1.5, -0.5), (2.0, 0.0), (-1.5, -1.5), (-2.5, 0.5), (-2.0, -1.0), (-2.5, -1.5), (1.5, 1.5), (1.0, 0.0), (1.0, -1.0), (-2.0, 0.0)])
13
28
20
32
36
50
49
64
56
69
68
98
88
107
130
128
151
159
185
165
212
204
235
236
274
286
304
336
330
407
343
371
438
424
488
463
541
526
583
635
575
629
658
637
709
782
722
800
860
828
954
896
944
962
1035
1081
1092
1084
1165
1191
1213
1334
1303
1380
1449
1481
1498
1541
1546
1636
1740
1683
1755
1758
1835
1937
1906
2070
1968
2137
2160
2221
2189
2253
2403
2276
2482
2432
2557
2673
2587
2838
2772
2817
2909
2976
2970
3121
3028
